0 info it worked if it ends with ok
1 verbose cli [ '/usr/local/bin/node', '/usr/local/bin/npm', 'run', 'serve' ]
2 info using npm@3.8.7
3 info using node@v4.4.3
4 verbose run-script [ 'preserve', 'serve', 'postserve' ]
5 info lifecycle elm-redux@0.0.0~preserve: elm-redux@0.0.0
6 silly lifecycle elm-redux@0.0.0~preserve: no script for preserve, continuing
7 info lifecycle elm-redux@0.0.0~serve: elm-redux@0.0.0
8 verbose lifecycle elm-redux@0.0.0~serve: unsafe-perm in lifecycle true
9 verbose lifecycle elm-redux@0.0.0~serve: PATH: /usr/local/lib/node_modules/npm/bin/node-gyp-bin:/Users/stoeffel/elm/redux-elm-middleware/examples/node_modules/.bin:/usr/local/bin:/Users/stoeffel/.rvm/gems/ruby-1.9.3-p484/bin:/Users/stoeffel/.rvm/gems/ruby-1.9.3-p484@global/bin:/Users/stoeffel/.rvm/rubies/ruby-1.9.3-p484/bin:/opt/local/bin:/usr/local/sbin:/opt/local/sbin:/Library/Frameworks/Python.framework/Versions/3.5/bin:/usr/local/bin:/usr/bin:/bin:/usr/sbin:/sbin:bin:./node_modules/.bin:/usr/bin:/bin:/usr/sbin:/sbin:/usr/local/bin:/usr/local/git/bin:/Users/stoeffel/.gem/ruby/1.8/bin:/opt/nginx/sbin:/Users/stoeffel/android/android-sdk-macosx/tools:/Users/stoeffel/android/android-sdk-macosx/platform-tools:/Users/stoeffel/bin:/Users/stoeffel/.bash_it/plugins/available/todo:bin:./node_modules/.bin:/usr/bin:/bin:/usr/sbin:/sbin:/usr/local/bin:/usr/local/git/bin:/home/stoeffel/.gem/ruby/1.8/bin:/opt/nginx/sbin:/home/stoeffel/bin/adt-bundle-linux-x86_64-20140702/sdk/tools:/home/stoeffel/bin/adt-bundle-linux-x86_64-20140702/sdk/platform-tools:/home/stoeffel/bin:/home/stoeffel/.bash_it/plugins/available/todo:/Users/stoeffel/bin/dart/dart-sdk/bin:/Users/stoeffel/.dotfiles/bin:/Applications/eclipse:/Users/stoeffel/.fzf/bin:/Users/stoeffel/.rvm/bin
10 verbose lifecycle elm-redux@0.0.0~serve: CWD: /Users/stoeffel/elm/redux-elm-middleware/examples
11 silly lifecycle elm-redux@0.0.0~serve: Args: [ '-c', 'npm run serve:dev' ]
12 silly lifecycle elm-redux@0.0.0~serve: Returned: code: 1  signal: null
13 info lifecycle elm-redux@0.0.0~serve: Failed to exec serve script
14 verbose stack Error: elm-redux@0.0.0 serve: `npm run serve:dev`
14 verbose stack Exit status 1
14 verbose stack     at EventEmitter.<anonymous> (/usr/local/lib/node_modules/npm/lib/utils/lifecycle.js:244:16)
14 verbose stack     at emitTwo (events.js:87:13)
14 verbose stack     at EventEmitter.emit (events.js:172:7)
14 verbose stack     at ChildProcess.<anonymous> (/usr/local/lib/node_modules/npm/lib/utils/spawn.js:24:14)
14 verbose stack     at emitTwo (events.js:87:13)
14 verbose stack     at ChildProcess.emit (events.js:172:7)
14 verbose stack     at maybeClose (internal/child_process.js:827:16)
14 verbose stack     at Process.ChildProcess._handle.onexit (internal/child_process.js:211:5)
15 verbose pkgid elm-redux@0.0.0
16 verbose cwd /Users/stoeffel/elm/redux-elm-middleware/examples/build
17 error Darwin 14.5.0
18 error argv "/usr/local/bin/node" "/usr/local/bin/npm" "run" "serve"
19 error node v4.4.3
20 error npm  v3.8.7
21 error code ELIFECYCLE
22 error elm-redux@0.0.0 serve: `npm run serve:dev`
22 error Exit status 1
23 error Failed at the elm-redux@0.0.0 serve script 'npm run serve:dev'.
23 error Make sure you have the latest version of node.js and npm installed.
23 error If you do, this is most likely a problem with the elm-redux package,
23 error not with npm itself.
23 error Tell the author that this fails on your system:
23 error     npm run serve:dev
23 error You can get information on how to open an issue for this project with:
23 error     npm bugs elm-redux
23 error Or if that isn't available, you can get their info via:
23 error     npm owner ls elm-redux
23 error There is likely additional logging output above.
24 verbose exit [ 1, true ]
